22:31:37 **** Incremental Build of configuration Debug for project Car_system ****
make all 
Building file: ../Application/Application_program.c
Invoking: AVR Compiler
avr-gcc -Wall -g2 -gstabs -O0 -fpack-struct -fshort-enums -ffunction-sections -fdata-sections -std=gnu99 -funsigned-char -funsigned-bitfields -mmcu=atmega16 -DF_CPU=1000000UL -MMD -MP -MF"Application/Application_program.d" -MT"Application/Application_program.o" -c -o "Application/Application_program.o" "../Application/Application_program.c"
../Application/Application_program.c: In function 'ACCS_CatchDistance':
../Application/Application_program.c:481: warning: pointer targets in passing argument 1 of 'LCD_DisplayString' differ in signedness
../Application/Application_program.c: At top level:
../Application/Application_program.c:138: warning: 'Hanndle_GrearBox_N_State' defined but not used
../Application/Application_program.c:160: warning: 'Hanndle_GrearBox_R_State' defined but not used
../Application/Application_program.c:125: warning: 'Hanndle_GrearBox_D_State' defined but not used
../Application/Application_program.c:184: warning: 'Buttons_Update' defined but not used
../Application/Application_program.c:351: warning: 'DashBoard_Handle_Page' defined but not used
../Application/Application_program.c:463: warning: 'ACCS_CatchDistance' defined but not used
../Application/Application_program.c:488: warning: 'ACCS_DicisionTake' defined but not used
../Application/Application_private.h:168: warning: 'ACCS_PID' declared 'static' but never defined
../Application/Application_program.c:50: warning: 'Car_Speed' defined but not used
Finished building: ../Application/Application_program.c
 
Building target: Car_system.elf
Invoking: AVR C Linker
avr-gcc -Wl,-Map,Car_system.map -mmcu=atmega16 -o "Car_system.elf"  ./MCAL/TIMER0/TIMER0_config.o ./MCAL/TIMER0/TIMER0_program.o  ./MCAL/GPIO/GPIO_program.o  ./MCAL/EXT_INT/EXT_INT_program.o  ./MCAL/ADC/ADC_config.o ./MCAL/ADC/ADC_program.o  ./HAL/Potentiometer/POT_program.o  ./HAL/LED/LED_program.o  ./HAL/LCD/LCD_program.o  ./HAL/Buzzer/Buzzer_program.o  ./HAL/BUTTON/BUTTON_program.o  ./Application/Application_program.o  ./main.o   
Finished building target: Car_system.elf
 
Invoking: AVR Create Extended Listing
avr-objdump -h -S Car_system.elf  >"Car_system.lss"
Finished building: Car_system.lss
 
Create Flash image (ihex format)
avr-objcopy -R .eeprom -R .fuse -R .lock -R .signature -O ihex Car_system.elf  "Car_system.hex"
Finished building: Car_system.hex
 
Invoking: Print Size
avr-size --format=avr --mcu=atmega16 Car_system.elf
AVR Memory Usage
----------------
Device: atmega16

Program:   16958 bytes (103.5% Full)
(.text + .data + .bootloader)

Data:        461 bytes (45.0% Full)
(.data + .bss + .noinit)


Finished building: sizedummy
 

22:31:38 Build Finished. 0 errors, 10 warnings. (took 788ms)

