09:12:42 **** Incremental Build of configuration Debug for project Test ****
make all 
Building file: ../GPIO/GPIO_program.c
Invoking: AVR Compiler
avr-gcc -Wall -g2 -gstabs -O0 -fpack-struct -fshort-enums -ffunction-sections -fdata-sections -std=gnu99 -funsigned-char -funsigned-bitfields -mmcu=atmega16 -DF_CPU=1000000UL -MMD -MP -MF"GPIO/GPIO_program.d" -MT"GPIO/GPIO_program.o" -c -o "GPIO/GPIO_program.o" "../GPIO/GPIO_program.c"
In file included from ../GPIO/GPIO_program.c:15:
../GPIO/GPIO_private.h:18:37: error: ../../SERVICE/STD_TYPES.h: No such file or directory
../GPIO/GPIO_program.c:18:41: error: ../../SERVICE/COMMON_MACROS.h: No such file or directory
../GPIO/GPIO_program.c: In function 'GPIO_SetPinDirection':
../GPIO/GPIO_program.c:69: warning: implicit declaration of function 'CLEAR_BIT'
../GPIO/GPIO_program.c:75: warning: implicit declaration of function 'SET_BIT'
../GPIO/GPIO_program.c: In function 'GPIO_ReadPin':
../GPIO/GPIO_program.c:151: warning: implicit declaration of function 'BIT_IS_SET'
../GPIO/GPIO_program.c: In function 'GPIO_TogglePin':
../GPIO/GPIO_program.c:244: warning: implicit declaration of function 'TOGGLE_BIT'
make: *** [GPIO/GPIO_program.o] Error 1
"make all" terminated with exit code 2. Build might be incomplete.
09:13:44 **** Incremental Build of configuration Debug for project Car_system ****
make all 
Building file: ../Application/Application_program.c
Invoking: AVR Compiler
avr-gcc -Wall -g2 -gstabs -O0 -fpack-struct -fshort-enums -ffunction-sections -fdata-sections -std=gnu99 -funsigned-char -funsigned-bitfields -mmcu=atmega16 -DF_CPU=1000000UL -MMD -MP -MF"Application/Application_program.d" -MT"Application/Application_program.o" -c -o "Application/Application_program.o" "../Application/Application_program.c"
../Application/Application_program.c: In function 'DashBoard_updateSpeedLimitValue':
../Application/Application_program.c:345: warning: pointer targets in passing argument 1 of 'LCD_DisplayString' differ in signedness
../Application/Application_program.c: In function 'APP_DashBoard_SwitchPages':
../Application/Application_program.c:447: warning: pointer targets in passing argument 1 of 'LCD_DisplayString' differ in signedness
../Application/Application_program.c:449: warning: pointer targets in passing argument 1 of 'LCD_DisplayString' differ in signedness
../Application/Application_program.c:460: warning: pointer targets in passing argument 1 of 'LCD_DisplayString' differ in signedness
../Application/Application_program.c:462: warning: pointer targets in passing argument 1 of 'LCD_DisplayString' differ in signedness
../Application/Application_program.c:467: warning: pointer targets in passing argument 1 of 'LCD_DisplayString' differ in signedness
../Application/Application_program.c:474: warning: pointer targets in passing argument 1 of 'LCD_DisplayString' differ in signedness
../Application/Application_program.c:476: warning: pointer targets in passing argument 1 of 'LCD_DisplayString' differ in signedness
../Application/Application_program.c:478: warning: pointer targets in passing argument 1 of 'LCD_DisplayString' differ in signedness
../Application/Application_program.c: In function 'APP_KeypadUpdate':
../Application/Application_program.c:506: warning: unused variable 'SL_DecIsStillPressed'
../Application/Application_program.c:504: warning: unused variable 'SL_IncIsStillPressed'
../Application/Application_program.c: In function 'ACCS_CatchDistance':
../Application/Application_program.c:1043: warning: pointer targets in passing argument 1 of 'LCD_DisplayString' differ in signedness
../Application/Application_program.c: In function 'App_SpeedUpdate':
../Application/Application_program.c:1136: warning: pointer targets in passing argument 1 of 'LCD_DisplayString' differ in signedness
../Application/Application_program.c: At top level:
../Application/Application_program.c:104: warning: 'Hanndle_GrearBox_D_State' defined but not used
../Application/Application_private.h:76: warning: 'Buttons_Update' declared 'static' but never defined
../Application/Application_private.h:130: warning: 'App_Relay_behavior_SpeedLimit' declared 'static' but never defined
../Application/Application_program.c:413: warning: 'DashBoard_DistanceShow' defined but not used
../Application/Application_program.c:420: warning: 'DashBoard_DistanceHide' defined but not used
../Application/Application_program.c:1025: warning: 'ACCS_CatchDistance' defined but not used
../Application/Application_program.c:1050: warning: 'ACCS_DicisionTake' defined but not used
../Application/Application_private.h:207: warning: 'ACCS_PID' declared 'static' but never defined
../Application/Application_program.c:319: warning: 'DahBoard_Update_DrivingMonetoring_State' defined but not used
Finished building: ../Application/Application_program.c
 
Building target: Car_system.elf
Invoking: AVR C Linker
avr-gcc -Wl,-Map,Car_system.map -mmcu=atmega16 -o "Car_system.elf"  ./MCAL/TIMER1/TIMER1_config.o ./MCAL/TIMER1/TIMER1_program.o  ./MCAL/TIMER0/TIMER0_config.o ./MCAL/TIMER0/TIMER0_program.o  ./MCAL/GPIO/GPIO_program.o  ./MCAL/EXT_INT/EXT_INT_program.o  ./MCAL/ADC/ADC_config.o ./MCAL/ADC/ADC_program.o  ./HAL/Potentiometer/POT_program.o  ./HAL/LED/LED_program.o  ./HAL/LCD/LCD_program.o  ./HAL/KEYPAD/Keypad_program.o  ./HAL/Buzzer/Buzzer_program.o  ./HAL/BUTTON/BUTTON_program.o  ./Application/Application_program.o  ./main.o   
Finished building target: Car_system.elf
 
Invoking: AVR Create Extended Listing
avr-objdump -h -S Car_system.elf  >"Car_system.lss"
Finished building: Car_system.lss
 
Create Flash image (ihex format)
avr-objcopy -R .eeprom -R .fuse -R .lock -R .signature -O ihex Car_system.elf  "Car_system.hex"
Finished building: Car_system.hex
 
Invoking: Print Size
avr-size --format=avr --mcu=atmega16 Car_system.elf
AVR Memory Usage
----------------
Device: atmega16

Program:   19690 bytes (120.2% Full)
(.text + .data + .bootloader)

Data:        574 bytes (56.1% Full)
(.data + .bss + .noinit)


Finished building: sizedummy
 
09:13:46 **** Incremental Build of configuration Debug for project Test ****
make all 
Building file: ../GPIO/GPIO_program.c
Invoking: AVR Compiler
avr-gcc -Wall -g2 -gstabs -O0 -fpack-struct -fshort-enums -ffunction-sections -fdata-sections -std=gnu99 -funsigned-char -funsigned-bitfields -mmcu=atmega16 -DF_CPU=1000000UL -MMD -MP -MF"GPIO/GPIO_program.d" -MT"GPIO/GPIO_program.o" -c -o "GPIO/GPIO_program.o" "../GPIO/GPIO_program.c"
Finished building: ../GPIO/GPIO_program.c
 
Building file: ../main.c
Invoking: AVR Compiler
avr-gcc -Wall -g2 -gstabs -O0 -fpack-struct -fshort-enums -ffunction-sections -fdata-sections -std=gnu99 -funsigned-char -funsigned-bitfields -mmcu=atmega16 -DF_CPU=1000000UL -MMD -MP -MF"main.d" -MT"main.o" -c -o "main.o" "../main.c"
Finished building: ../main.c
 
Building target: Test.elf
Invoking: AVR C Linker
avr-gcc -Wl,-Map,Test.map -mmcu=atmega16 -o "Test.elf"  ./GPIO/GPIO_program.o  ./main.o   
Finished building target: Test.elf
 
Invoking: AVR Create Extended Listing
avr-objdump -h -S Test.elf  >"Test.lss"
Finished building: Test.lss
 
Invoking: Print Size
avr-size --format=avr --mcu=atmega16 Test.elf
AVR Memory Usage
----------------
Device: atmega16

Program:    3188 bytes (19.5% Full)
(.text + .data + .bootloader)

Data:          6 bytes (0.6% Full)
(.data + .bss + .noinit)


Finished building: sizedummy
 
09:13:49 **** Incremental Build of configuration Debug for project Car_system ****
make all 
Invoking: Print Size
avr-size --format=avr --mcu=atmega16 Car_system.elf
AVR Memory Usage
----------------
Device: atmega16

Program:   19690 bytes (120.2% Full)
(.text + .data + .bootloader)

Data:        574 bytes (56.1% Full)
(.data + .bss + .noinit)


Finished building: sizedummy
 
09:13:50 **** Incremental Build of configuration Debug for project Test ****
make all 
Invoking: Print Size
avr-size --format=avr --mcu=atmega16 Test.elf
AVR Memory Usage
----------------
Device: atmega16

Program:    3188 bytes (19.5% Full)
(.text + .data + .bootloader)

Data:          6 bytes (0.6% Full)
(.data + .bss + .noinit)


Finished building: sizedummy
 
09:14:27 **** Incremental Build of configuration Debug for project Car_system ****
make all 
Invoking: Print Size
avr-size --format=avr --mcu=atmega16 Car_system.elf
AVR Memory Usage
----------------
Device: atmega16

Program:   19690 bytes (120.2% Full)
(.text + .data + .bootloader)

Data:        574 bytes (56.1% Full)
(.data + .bss + .noinit)


Finished building: sizedummy
 
09:14:27 **** Incremental Build of configuration Debug for project Test ****
make all 
Building target: Test.elf
Invoking: AVR C Linker
avr-gcc -Wl,-Map,Test.map -mmcu=atmega16 -o "Test.elf"  ./GPIO/GPIO_program.o  ./main.o   
Finished building target: Test.elf
 
Invoking: AVR Create Extended Listing
avr-objdump -h -S Test.elf  >"Test.lss"
Finished building: Test.lss
 
Create Flash image (ihex format)
avr-objcopy -R .eeprom -R .fuse -R .lock -R .signature -O ihex Test.elf  "Test.hex"
Finished building: Test.hex
 
Invoking: Print Size
avr-size --format=avr --mcu=atmega16 Test.elf
AVR Memory Usage
----------------
Device: atmega16

Program:    3188 bytes (19.5% Full)
(.text + .data + .bootloader)

Data:          6 bytes (0.6% Full)
(.data + .bss + .noinit)


Finished building: sizedummy
 
09:32:17 **** Incremental Build of configuration Debug for project Car_system ****
make all 
Building file: ../Application/Application_program.c
Invoking: AVR Compiler
avr-gcc -Wall -g2 -gstabs -O0 -fpack-struct -fshort-enums -ffunction-sections -fdata-sections -std=gnu99 -funsigned-char -funsigned-bitfields -mmcu=atmega16 -DF_CPU=1000000UL -MMD -MP -MF"Application/Application_program.d" -MT"Application/Application_program.o" -c -o "Application/Application_program.o" "../Application/Application_program.c"
../Application/Application_program.c: In function 'DashBoard_updateSpeedLimitValue':
../Application/Application_program.c:348: warning: pointer targets in passing argument 1 of 'LCD_DisplayString' differ in signedness
../Application/Application_program.c: In function 'APP_DashBoard_SwitchPages':
../Application/Application_program.c:450: warning: pointer targets in passing argument 1 of 'LCD_DisplayString' differ in signedness
../Application/Application_program.c:452: warning: pointer targets in passing argument 1 of 'LCD_DisplayString' differ in signedness
../Application/Application_program.c:463: warning: pointer targets in passing argument 1 of 'LCD_DisplayString' differ in signedness
../Application/Application_program.c:465: warning: pointer targets in passing argument 1 of 'LCD_DisplayString' differ in signedness
../Application/Application_program.c:470: warning: pointer targets in passing argument 1 of 'LCD_DisplayString' differ in signedness
../Application/Application_program.c:477: warning: pointer targets in passing argument 1 of 'LCD_DisplayString' differ in signedness
../Application/Application_program.c:479: warning: pointer targets in passing argument 1 of 'LCD_DisplayString' differ in signedness
../Application/Application_program.c:481: warning: pointer targets in passing argument 1 of 'LCD_DisplayString' differ in signedness
../Application/Application_program.c: In function 'APP_KeypadUpdate':
../Application/Application_program.c:509: warning: unused variable 'SL_DecIsStillPressed'
../Application/Application_program.c:507: warning: unused variable 'SL_IncIsStillPressed'
../Application/Application_program.c: In function 'ACCS_CatchDistance':
../Application/Application_program.c:1046: warning: pointer targets in passing argument 1 of 'LCD_DisplayString' differ in signedness
../Application/Application_program.c: In function 'App_SpeedUpdate':
../Application/Application_program.c:1139: warning: pointer targets in passing argument 1 of 'LCD_DisplayString' differ in signedness
../Application/Application_program.c: At top level:
../Application/Application_program.c:107: warning: 'Hanndle_GrearBox_D_State' defined but not used
../Application/Application_private.h:76: warning: 'Buttons_Update' declared 'static' but never defined
../Application/Application_private.h:130: warning: 'App_Relay_behavior_SpeedLimit' declared 'static' but never defined
../Application/Application_program.c:416: warning: 'DashBoard_DistanceShow' defined but not used
../Application/Application_program.c:423: warning: 'DashBoard_DistanceHide' defined but not used
../Application/Application_program.c:1028: warning: 'ACCS_CatchDistance' defined but not used
../Application/Application_program.c:1053: warning: 'ACCS_DicisionTake' defined but not used
../Application/Application_private.h:207: warning: 'ACCS_PID' declared 'static' but never defined
../Application/Application_program.c:322: warning: 'DahBoard_Update_DrivingMonetoring_State' defined but not used
Finished building: ../Application/Application_program.c
 
Building target: Car_system.elf
Invoking: AVR C Linker
avr-gcc -Wl,-Map,Car_system.map -mmcu=atmega16 -o "Car_system.elf"  ./MCAL/TIMER1/TIMER1_config.o ./MCAL/TIMER1/TIMER1_program.o  ./MCAL/TIMER0/TIMER0_config.o ./MCAL/TIMER0/TIMER0_program.o  ./MCAL/GPIO/GPIO_program.o  ./MCAL/EXT_INT/EXT_INT_program.o  ./MCAL/ADC/ADC_config.o ./MCAL/ADC/ADC_program.o  ./HAL/Potentiometer/POT_program.o  ./HAL/LED/LED_program.o  ./HAL/LCD/LCD_program.o  ./HAL/KEYPAD/Keypad_program.o  ./HAL/Buzzer/Buzzer_program.o  ./HAL/BUTTON/BUTTON_program.o  ./Application/Application_program.o  ./main.o   
Finished building target: Car_system.elf
 
Invoking: AVR Create Extended Listing
avr-objdump -h -S Car_system.elf  >"Car_system.lss"
Finished building: Car_system.lss
 
Create Flash image (ihex format)
avr-objcopy -R .eeprom -R .fuse -R .lock -R .signature -O ihex Car_system.elf  "Car_system.hex"
Finished building: Car_system.hex
 
Invoking: Print Size
avr-size --format=avr --mcu=atmega16 Car_system.elf
AVR Memory Usage
----------------
Device: atmega16

Program:   19690 bytes (120.2% Full)
(.text + .data + .bootloader)

Data:        575 bytes (56.2% Full)
(.data + .bss + .noinit)


Finished building: sizedummy
 
09:32:20 **** Incremental Build of configuration Debug for project Test ****
make all 
Invoking: Print Size
avr-size --format=avr --mcu=atmega16 Test.elf
AVR Memory Usage
----------------
Device: atmega16

Program:    3188 bytes (19.5% Full)
(.text + .data + .bootloader)

Data:          6 bytes (0.6% Full)
(.data + .bss + .noinit)


Finished building: sizedummy
 
